<?xml version="1.0" encoding="UTF-8"?>
<!-- Generated by org.testng.reporters.JUnitReportReporter -->
<testsuite hostname="DESKTOP-OLE6EBJ" failures="0" tests="2" name="app.s1" time="0.002" errors="0" timestamp="2022-09-28T10:27:18 IST" skipped="0">
  <testcase classname="app.s1" name="Class" time="0.001"/>
  <system-out/>
  <testcase classname="app.s1" name="Class2" time="0.001"/>
  <system-out/>
</testsuite> <!-- app.s1 -->
