<?xml version="1.0" encoding="UTF-8"?>
<!-- Generated by org.testng.reporters.JUnitReportReporter -->
<testsuite hostname="DESKTOP-OLE6EBJ" failures="0" tests="3" name="testpkg.ParamTest" time="0.004" errors="0" timestamp="2022-09-28T10:05:32 IST" skipped="0">
  <testcase classname="testpkg.ParamTest" name="m" time="0.002"/>
  <system-out/>
  <testcase classname="testpkg.ParamTest" name="m" time="0.001"/>
  <system-out/>
  <testcase classname="testpkg.ParamTest" name="m" time="0.001"/>
  <system-out/>
</testsuite> <!-- testpkg.ParamTest -->
