<?xml version="1.0" encoding="UTF-8"?>
<!-- Generated by org.testng.reporters.JUnitReportReporter -->
<testsuite hostname="DESKTOP-OLE6EBJ" failures="0" tests="1" name="com.flipkart.scrollFeature" time="54.181" errors="0" timestamp="2022-10-12T10:35:31 IST" skipped="0">
  <testcase classname="com.flipkart.scrollFeature" name="scrollFeature" time="54.181"/>
  <system-out/>
</testsuite> <!-- com.flipkart.scrollFeature -->
