<?xml version="1.0" encoding="UTF-8"?>
<!-- Generated by org.testng.reporters.JUnitReportReporter -->
<testsuite hostname="DESKTOP-OLE6EBJ" failures="0" tests="1" name="com.flipkart.ImageLoaded" time="81.913" errors="0" timestamp="2022-10-12T10:41:05 IST" skipped="0">
  <testcase classname="com.flipkart.ImageLoaded" name="imageLoaded" time="81.913"/>
  <system-out/>
</testsuite> <!-- com.flipkart.ImageLoaded -->
