<?xml version="1.0" encoding="UTF-8"?>
<!-- Generated by org.testng.reporters.JUnitReportReporter -->
<testsuite hostname="DESKTOP-OLE6EBJ" failures="0" tests="1" name="com.flipkart.checkFrequency" time="54.732" errors="0" timestamp="2022-10-12T10:38:24 IST" skipped="0">
  <testcase classname="com.flipkart.checkFrequency" name="checkFrequency" time="54.732"/>
  <system-out/>
</testsuite> <!-- com.flipkart.checkFrequency -->
