<?xml version="1.0" encoding="UTF-8"?>
<!-- Generated by org.testng.reporters.JUnitReportReporter -->
<testsuite hostname="DESKTOP-OLE6EBJ" failures="0" tests="1" name="com.flipkart.SearchProduct" time="28.929" errors="0" timestamp="2022-10-12T12:37:09 IST" skipped="0">
  <testcase classname="com.flipkart.SearchProduct" name="searchProduct" time="28.929"/>
  <system-out/>
</testsuite> <!-- com.flipkart.SearchProduct -->
