<?xml version="1.0" encoding="UTF-8"?>
<!-- Generated by org.testng.reporters.JUnitReportReporter -->
<testsuite hostname="DESKTOP-OLE6EBJ" failures="0" tests="1" name="project.Login" time="14.327" errors="0" timestamp="2022-10-12T10:27:01 IST" skipped="0">
  <testcase classname="project.Login" name="login" time="14.327"/>
  <system-out/>
</testsuite> <!-- project.Login -->
